<?xml version="1.0" encoding="UTF-8"?>
<testng-results ignored="0" total="4" passed="3" failed="1" skipped="0">
  <reporter-output>
  </reporter-output>
  <suite started-at="2025-03-22T07:32:43 IST" name="Default suite" finished-at="2025-03-22T07:33:17 IST" duration-ms="34452">
    <groups>
      <group name="cucumber">
        <method signature="AbstractTestNGCucumberTests.runScenario(io.cucumber.testng.PickleWrapper,io.cucumber.testng.FeatureWrapper)[pri:0, instance:cucumberOptions.TestNGTestRunner@4b2bac3f]" name="runScenario" class="io.cucumber.testng.AbstractTestNGCucumberTests"/>
      </group> <!-- cucumber -->
    </groups>
    <test started-at="2025-03-22T07:32:43 IST" name="Default test" finished-at="2025-03-22T07:33:17 IST" duration-ms="34452">
      <class name="cucumberOptions.TestNGTestRunner">
        <test-method is-config="true" signature="setUpClass(org.testng.ITestContext)[pri:0, instance:cucumberOptions.TestNGTestRunner@4b2bac3f]" started-at="2025-03-22T07:32:43 IST" name="setUpClass" finished-at="2025-03-22T07:32:43 IST" duration-ms="135" status="PASS">
          <params>
            <param index="0">
              <value>
                <![CDATA[org.testng.TestRunner@470a9030]]>
              </value>
            </param>
          </params>
          <reporter-output>
          </reporter-output>
        </test-method> <!-- setUpClass -->
        <test-method signature="runScenario(io.cucumber.testng.PickleWrapper,io.cucumber.testng.FeatureWrapper)[pri:0, instance:cucumberOptions.TestNGTestRunner@4b2bac3f]" started-at="2025-03-22T07:32:43 IST" name="runScenario" description="Runs Cucumber Scenarios" data-provider="scenarios" finished-at="2025-03-22T07:33:09 IST" duration-ms="26631" status="PASS">
          <params>
            <param index="0">
              <value>
                <![CDATA["Verify homepage and search functionality for luggage storage locations"]]>
              </value>
            </param>
            <param index="1">
              <value>
                <![CDATA["Luggage Storage Search Functionality"]]>
              </value>
            </param>
          </params>
          <reporter-output>
          </reporter-output>
        </test-method> <!-- runScenario -->
        <test-method signature="runScenario(io.cucumber.testng.PickleWrapper,io.cucumber.testng.FeatureWrapper)[pri:0, instance:cucumberOptions.TestNGTestRunner@4b2bac3f]" started-at="2025-03-22T07:32:43 IST" name="runScenario" description="Runs Cucumber Scenarios" data-provider="scenarios" finished-at="2025-03-22T07:32:50 IST" duration-ms="7137" status="PASS">
          <params>
            <param index="0">
              <value>
                <![CDATA["Verify that the landing page loads successfully"]]>
              </value>
            </param>
            <param index="1">
              <value>
                <![CDATA["LuggageHero Landing Page Load Verification"]]>
              </value>
            </param>
          </params>
          <reporter-output>
          </reporter-output>
        </test-method> <!-- runScenario -->
        <test-method signature="runScenario(io.cucumber.testng.PickleWrapper,io.cucumber.testng.FeatureWrapper)[pri:0, instance:cucumberOptions.TestNGTestRunner@4b2bac3f]" started-at="2025-03-22T07:32:43 IST" name="runScenario" description="Runs Cucumber Scenarios" data-provider="scenarios" finished-at="2025-03-22T07:33:10 IST" duration-ms="26988" status="PASS">
          <params>
            <param index="0">
              <value>
                <![CDATA["Verify homepage and search functionality for luggage storage locations"]]>
              </value>
            </param>
            <param index="1">
              <value>
                <![CDATA["Luggage Storage Search Functionality"]]>
              </value>
            </param>
          </params>
          <reporter-output>
          </reporter-output>
        </test-method> <!-- runScenario -->
        <test-method signature="runScenario(io.cucumber.testng.PickleWrapper,io.cucumber.testng.FeatureWrapper)[pri:0, instance:cucumberOptions.TestNGTestRunner@4b2bac3f]" started-at="2025-03-22T07:32:43 IST" name="runScenario" description="Runs Cucumber Scenarios" data-provider="scenarios" finished-at="2025-03-22T07:33:17 IST" duration-ms="34214" status="FAIL">
          <params>
            <param index="0">
              <value>
                <![CDATA["Verify homepage and search functionality for luggage storage locations"]]>
              </value>
            </param>
            <param index="1">
              <value>
                <![CDATA["Luggage Storage Search Functionality"]]>
              </value>
            </param>
          </params>
          <exception class="java.lang.AssertionError">
            <message>
              <![CDATA[expected [true] but found [false]]]>
            </message>
            <full-stacktrace>
              <![CDATA[java.lang.AssertionError: expected [true] but found [false]
at org.testng.Assert.fail(Assert.java:111)
at org.testng.Assert.failNotEquals(Assert.java:1578)
at org.testng.Assert.assertTrue(Assert.java:57)
at org.testng.Assert.assertTrue(Assert.java:67)
at stepDefinitions.StorageSearchSteps.search_results_should_display_relevant_luggage_storage_locations_for(StorageSearchSteps.java:81)
at ✽.search results should display relevant luggage storage locations for "Haldwani"(file:///Users/rambachkheti/eclipse-workspace/luggagehero/src/test/java/features/storage_search.feature:12)
]]>
            </full-stacktrace>
          </exception> <!-- java.lang.AssertionError -->
          <reporter-output>
          </reporter-output>
        </test-method> <!-- runScenario -->
        <test-method is-config="true" signature="tearDownClass()[pri:0, instance:cucumberOptions.TestNGTestRunner@4b2bac3f]" started-at="2025-03-22T07:33:17 IST" name="tearDownClass" finished-at="2025-03-22T07:33:17 IST" duration-ms="90" status="PASS">
          <reporter-output>
          </reporter-output>
        </test-method> <!-- tearDownClass -->
      </class> <!-- cucumberOptions.TestNGTestRunner -->
    </test> <!-- Default test -->
  </suite> <!-- Default suite -->
</testng-results>
